<?xml version="1.0" encoding="UTF-8"?>
<testng-results ignored="0" total="1" passed="1" failed="0" skipped="0">
  <reporter-output>
  </reporter-output>
  <suite started-at="2023-11-15T10:27:18 IST" name="Default suite" finished-at="2023-11-15T10:28:06 IST" duration-ms="47983">
    <groups>
    </groups>
    <test started-at="2023-11-15T10:27:18 IST" name="Default test" finished-at="2023-11-15T10:28:06 IST" duration-ms="47983">
      <class name="tests.AppiumService">
        <test-method is-config="true" signature="setup()[pri:0, instance:tests.AppiumService@16eb3ea3]" started-at="2023-11-15T10:27:18 IST" name="setup" finished-at="2023-11-15T10:27:44 IST" duration-ms="26484" status="PASS">
          <reporter-output>
          </reporter-output>
        </test-method> <!-- setup -->
        <test-method is-config="true" signature="startTest()[pri:0, instance:tests.AppiumService@16eb3ea3]" started-at="2023-11-15T10:27:44 IST" name="startTest" finished-at="2023-11-15T10:27:45 IST" duration-ms="497" status="PASS">
          <reporter-output>
          </reporter-output>
        </test-method> <!-- startTest -->
        <test-method signature="sample()[pri:0, instance:tests.AppiumService@16eb3ea3]" started-at="2023-11-15T10:27:45 IST" name="sample" finished-at="2023-11-15T10:27:52 IST" duration-ms="7491" status="PASS">
          <reporter-output>
          </reporter-output>
        </test-method> <!-- sample -->
        <test-method is-config="true" signature="endTest()[pri:0, instance:tests.AppiumService@16eb3ea3]" started-at="2023-11-15T10:27:52 IST" name="endTest" finished-at="2023-11-15T10:28:06 IST" duration-ms="13465" status="PASS">
          <reporter-output>
          </reporter-output>
        </test-method> <!-- endTest -->
        <test-method is-config="true" signature="teardown()[pri:0, instance:tests.AppiumService@16eb3ea3]" started-at="2023-11-15T10:28:06 IST" name="teardown" finished-at="2023-11-15T10:28:07 IST" duration-ms="1698" status="PASS">
          <reporter-output>
          </reporter-output>
        </test-method> <!-- teardown -->
      </class> <!-- tests.AppiumService -->
    </test> <!-- Default test -->
  </suite> <!-- Default suite -->
</testng-results>
