<?xml version="1.0" encoding="UTF-8"?>
<testng-results ignored="0" total="1" passed="1" failed="0" skipped="0">
  <reporter-output>
  </reporter-output>
  <suite started-at="2023-11-16T10:30:54 IST" name="Default suite" finished-at="2023-11-16T10:31:42 IST" duration-ms="47594">
    <groups>
    </groups>
    <test started-at="2023-11-16T10:30:54 IST" name="Default test" finished-at="2023-11-16T10:31:42 IST" duration-ms="47594">
      <class name="com.test.AppiumService">
        <test-method is-config="true" signature="setup()[pri:0, instance:com.test.AppiumService@273444fe]" started-at="2023-11-16T10:30:54 IST" name="setup" finished-at="2023-11-16T10:31:21 IST" duration-ms="26327" status="PASS">
          <reporter-output>
          </reporter-output>
        </test-method> <!-- setup -->
        <test-method is-config="true" signature="startTest()[pri:0, instance:com.test.AppiumService@273444fe]" started-at="2023-11-16T10:31:21 IST" name="startTest" finished-at="2023-11-16T10:31:21 IST" duration-ms="684" status="PASS">
          <reporter-output>
          </reporter-output>
        </test-method> <!-- startTest -->
        <test-method signature="sample()[pri:0, instance:com.test.AppiumService@273444fe]" started-at="2023-11-16T10:31:21 IST" name="sample" finished-at="2023-11-16T10:31:28 IST" duration-ms="7032" status="PASS">
          <reporter-output>
          </reporter-output>
        </test-method> <!-- sample -->
        <test-method is-config="true" signature="endTest()[pri:0, instance:com.test.AppiumService@273444fe]" started-at="2023-11-16T10:31:28 IST" name="endTest" finished-at="2023-11-16T10:31:42 IST" duration-ms="13512" status="PASS">
          <reporter-output>
          </reporter-output>
        </test-method> <!-- endTest -->
        <test-method is-config="true" signature="teardown()[pri:0, instance:com.test.AppiumService@273444fe]" started-at="2023-11-16T10:31:42 IST" name="teardown" finished-at="2023-11-16T10:31:44 IST" duration-ms="1650" status="PASS">
          <reporter-output>
          </reporter-output>
        </test-method> <!-- teardown -->
      </class> <!-- com.test.AppiumService -->
    </test> <!-- Default test -->
  </suite> <!-- Default suite -->
</testng-results>
